Arguments: 
  /usr/local/bin/node /usr/local/bin/yarn add @koa-router koa-passport bcryptjs

PATH: 
  /Users/fausta/google-cloud-sdk/bin:/Users/fausta/bin:/usr/local/bin:/Users/fausta/.composer/vendor/bin:/usr/local/bin:/usr/bin:/bin:/usr/sbin:/sbin:/usr/local/go/bin:/Users/fausta/google-cloud-sdk/bin:/Users/fausta/bin:/Users/fausta/.composer/vendor/bin:/usr/local/mysql/bin:/usr/local/mysql/bin

Yarn version: 
  1.15.2

Node version: 
  12.15.0

Platform: 
  darwin x64

Trace: 
  Error: https://registry.yarnpkg.com/@koa-router: Request "https://registry.yarnpkg.com/@koa-router" returned a 405
      at Request.params.callback [as _callback] (/usr/local/lib/node_modules/yarn/lib/cli.js:66067:18)
      at Request.self.callback (/usr/local/lib/node_modules/yarn/lib/cli.js:129541:22)
      at Request.emit (events.js:223:5)
      at Request.<anonymous> (/usr/local/lib/node_modules/yarn/lib/cli.js:130513:10)
      at Request.emit (events.js:223:5)
      at IncomingMessage.<anonymous> (/usr/local/lib/node_modules/yarn/lib/cli.js:130435:12)
      at Object.onceWrapper (events.js:312:28)
      at IncomingMessage.emit (events.js:228:7)
      at endReadableNT (_stream_readable.js:1185:12)
      at processTicksAndRejections (internal/process/task_queues.js:81:21)

npm manifest: 
  {
    "name": "user-service",
    "version": "1.0.0",
    "description": "",
    "main": "index.js",
    "scripts": {
      "test": "echo \"Error: no test specified\" && exit 1"
    },
    "keywords": [],
    "author": "",
    "license": "ISC"
  }

yarn manifest: 
  No manifest

Lockfile: 
  No lockfile
